<?xml version="1.0" encoding="UTF-8"?>
<robot generator="Robot 6.1.1 (Python 3.11.2 on win32)" generated="20240108 19:33:08.660" rpa="false" schemaversion="4">
<suite id="s1" name="Suites">
<suite id="s1-s1" name="Prueba5" source="C:\Users\Melany\Documents\Robot-Framework\Test_Cases_Nivel4\Prueba5.robot">
<test id="s1-s1-t1" name="Demo uno" line="16">
<kw name="Inicio">
<tag>test_uno</tag>
<doc>Prueba de nuestras Primeras Variables</doc>
<kw name="Open Browser" library="SeleniumLibrary">
<arg>${URL}</arg>
<arg>${BROWSER}</arg>
<doc>Opens a new browser instance to the optional ``url``.</doc>
<msg timestamp="20240108 19:33:09.158" level="INFO">Opening browser 'chrome' to base url 'https://demoqa.com/text-box'.</msg>
<msg timestamp="20240108 19:33:11.655" level="WARN">The chromedriver version (119.0.6045.105) detected in PATH at C:\Users\Melany\AppData\Local\Programs\Python\Python311\Scripts\chromedriver.exe might not be compatible with the detected chrome version (120.0.6099.199); currently, chromedriver 120.0.6099.109 is recommended for chrome 120.*, so it is advised to delete the driver in PATH and retry</msg>
<status status="PASS" starttime="20240108 19:33:09.158" endtime="20240108 19:33:30.917"/>
</kw>
<kw name="Maximize Browser Window" library="SeleniumLibrary">
<doc>Maximizes current browser window.</doc>
<status status="PASS" starttime="20240108 19:33:30.918" endtime="20240108 19:33:31.313"/>
</kw>
<kw name="Set Selenium Implicit Wait" library="SeleniumLibrary">
<arg>10</arg>
<doc>Sets the implicit wait value used by Selenium.</doc>
<status status="PASS" starttime="20240108 19:33:31.313" endtime="20240108 19:33:31.319"/>
</kw>
<kw name="Set Selenium Speed" library="SeleniumLibrary">
<arg>.4s</arg>
<doc>Sets the delay that is waited after each Selenium command.</doc>
<status status="PASS" starttime="20240108 19:33:31.319" endtime="20240108 19:33:31.321"/>
</kw>
<kw name="F_texto" library="Funciones">
<arg>//input[contains(@id,'userName')]</arg>
<arg>Rodrigo</arg>
<kw name="Wait Until Element Is Visible" library="SeleniumLibrary">
<arg>${sel}</arg>
<doc>Waits until the element ``locator`` is visible.</doc>
<status status="PASS" starttime="20240108 19:33:31.322" endtime="20240108 19:33:32.732"/>
</kw>
<kw name="Wait Until Element Is Enabled" library="SeleniumLibrary">
<arg>${sel}</arg>
<doc>Waits until the element ``locator`` is enabled.</doc>
<status status="PASS" starttime="20240108 19:33:32.732" endtime="20240108 19:33:34.004"/>
</kw>
<kw name="Element Should Be Enabled" library="SeleniumLibrary">
<arg>${sel}</arg>
<doc>Verifies that element identified by ``locator`` is enabled.</doc>
<status status="PASS" starttime="20240108 19:33:34.005" endtime="20240108 19:33:35.473"/>
</kw>
<kw name="Execute Javascript" library="SeleniumLibrary">
<arg>window.scrollTo(0,20)</arg>
<doc>Executes the given JavaScript code with possible arguments.</doc>
<msg timestamp="20240108 19:33:35.475" level="INFO">Executing JavaScript:
window.scrollTo(0,20)
Without any arguments.</msg>
<status status="PASS" starttime="20240108 19:33:35.474" endtime="20240108 19:33:35.884"/>
</kw>
<kw name="Input Text" library="SeleniumLibrary">
<arg>${sel}</arg>
<arg>${dato}</arg>
<doc>Types the given ``text`` into the text field identified by ``locator``.</doc>
<msg timestamp="20240108 19:33:35.885" level="INFO">Typing text 'Rodrigo' into text field '//input[contains(@id,'userName')]'.</msg>
<status status="PASS" starttime="20240108 19:33:35.884" endtime="20240108 19:33:37.288"/>
</kw>
<kw name="Capture Element Screenshot" library="SeleniumLibrary">
<arg>${sel}</arg>
<arg>${ruta_fotos_pagina}.png</arg>
<doc>Captures a screenshot from the element identified by ``locator`` and embeds it into log file.</doc>
<msg timestamp="20240108 19:33:38.185" level="INFO" html="true">&lt;/td&gt;&lt;/tr&gt;&lt;tr&gt;&lt;td colspan="3"&gt;&lt;a href="../../../../Reportes2/IMG/.png"&gt;&lt;img src="../../../../Reportes2/IMG/.png" width="400px"&gt;&lt;/a&gt;</msg>
<status status="PASS" starttime="20240108 19:33:37.288" endtime="20240108 19:33:38.185"/>
</kw>
<status status="PASS" starttime="20240108 19:33:31.321" endtime="20240108 19:33:38.185"/>
</kw>
<status status="PASS" starttime="20240108 19:33:09.157" endtime="20240108 19:33:38.186"/>
</kw>
<kw name="Salir">
<kw name="Sleep" library="BuiltIn">
<arg>2</arg>
<doc>Pauses the test executed for the given time.</doc>
<msg timestamp="20240108 19:33:40.191" level="INFO">Slept 2 seconds</msg>
<status status="PASS" starttime="20240108 19:33:38.187" endtime="20240108 19:33:40.191"/>
</kw>
<kw name="Close Browser" library="SeleniumLibrary">
<doc>Closes the current browser.</doc>
<status status="PASS" starttime="20240108 19:33:40.191" endtime="20240108 19:33:42.794"/>
</kw>
<status status="PASS" starttime="20240108 19:33:38.186" endtime="20240108 19:33:42.794"/>
</kw>
<status status="PASS" starttime="20240108 19:33:09.156" endtime="20240108 19:33:42.795"/>
</test>
<doc>Setup and Teardown</doc>
<status status="PASS" starttime="20240108 19:33:08.705" endtime="20240108 19:33:42.796"/>
</suite>
<status status="PASS" starttime="20240108 19:33:08.677" endtime="20240108 19:33:42.798"/>
</suite>
<statistics>
<total>
<stat pass="1" fail="0" skip="0">All Tests</stat>
</total>
<tag>
</tag>
<suite>
<stat pass="1" fail="0" skip="0" id="s1" name="Suites">Suites</stat>
<stat pass="1" fail="0" skip="0" id="s1-s1" name="Prueba5">Suites.Prueba5</stat>
</suite>
</statistics>
<errors>
<msg timestamp="20240108 19:33:11.655" level="WARN">The chromedriver version (119.0.6045.105) detected in PATH at C:\Users\Melany\AppData\Local\Programs\Python\Python311\Scripts\chromedriver.exe might not be compatible with the detected chrome version (120.0.6099.199); currently, chromedriver 120.0.6099.109 is recommended for chrome 120.*, so it is advised to delete the driver in PATH and retry</msg>
</errors>
</robot>
