<?xml version="1.0" encoding="UTF-8"?>
<robot generator="Robot 6.1.1 (Python 3.11.2 on win32)" generated="20240108 19:33:08.689" rpa="false" schemaversion="4">
<suite id="s1" name="Suites">
<suite id="s1-s1" name="Prueba1" source="C:\Users\Melany\Documents\Robot-Framework\Test_Cases_Nivel4\Prueba1.robot">
<test id="s1-s1-t1" name="Demo uno" line="16">
<kw name="Inicio">
<tag>test_uno</tag>
<doc>Prueba de nuestras Primeras Variables</doc>
<kw name="Open Browser" library="SeleniumLibrary">
<arg>${URL}</arg>
<arg>${BROWSER}</arg>
<doc>Opens a new browser instance to the optional ``url``.</doc>
<msg timestamp="20240108 19:33:09.223" level="INFO">Opening browser 'chrome' to base url 'https://demoqa.com/text-box'.</msg>
<msg timestamp="20240108 19:33:11.668" level="WARN">The chromedriver version (119.0.6045.105) detected in PATH at C:\Users\Melany\AppData\Local\Programs\Python\Python311\Scripts\chromedriver.exe might not be compatible with the detected chrome version (120.0.6099.199); currently, chromedriver 120.0.6099.109 is recommended for chrome 120.*, so it is advised to delete the driver in PATH and retry</msg>
<status status="PASS" starttime="20240108 19:33:09.222" endtime="20240108 19:33:33.975"/>
</kw>
<kw name="Maximize Browser Window" library="SeleniumLibrary">
<doc>Maximizes current browser window.</doc>
<status status="PASS" starttime="20240108 19:33:33.975" endtime="20240108 19:33:34.255"/>
</kw>
<kw name="Set Selenium Implicit Wait" library="SeleniumLibrary">
<arg>10</arg>
<doc>Sets the implicit wait value used by Selenium.</doc>
<status status="PASS" starttime="20240108 19:33:34.256" endtime="20240108 19:33:34.259"/>
</kw>
<kw name="Set Selenium Speed" library="SeleniumLibrary">
<arg>.4s</arg>
<doc>Sets the delay that is waited after each Selenium command.</doc>
<status status="PASS" starttime="20240108 19:33:34.260" endtime="20240108 19:33:34.260"/>
</kw>
<kw name="F_texto" library="Funciones">
<arg>//input[contains(@id,'userName')]</arg>
<arg>Rodrigo</arg>
<kw name="Wait Until Element Is Visible" library="SeleniumLibrary">
<arg>${sel}</arg>
<doc>Waits until the element ``locator`` is visible.</doc>
<status status="PASS" starttime="20240108 19:33:34.261" endtime="20240108 19:33:35.524"/>
</kw>
<kw name="Wait Until Element Is Enabled" library="SeleniumLibrary">
<arg>${sel}</arg>
<doc>Waits until the element ``locator`` is enabled.</doc>
<status status="PASS" starttime="20240108 19:33:35.524" endtime="20240108 19:33:36.790"/>
</kw>
<kw name="Element Should Be Enabled" library="SeleniumLibrary">
<arg>${sel}</arg>
<doc>Verifies that element identified by ``locator`` is enabled.</doc>
<status status="PASS" starttime="20240108 19:33:36.790" endtime="20240108 19:33:38.030"/>
</kw>
<kw name="Execute Javascript" library="SeleniumLibrary">
<arg>window.scrollTo(0,20)</arg>
<doc>Executes the given JavaScript code with possible arguments.</doc>
<msg timestamp="20240108 19:33:38.031" level="INFO">Executing JavaScript:
window.scrollTo(0,20)
Without any arguments.</msg>
<status status="PASS" starttime="20240108 19:33:38.030" endtime="20240108 19:33:38.439"/>
</kw>
<kw name="Input Text" library="SeleniumLibrary">
<arg>${sel}</arg>
<arg>${dato}</arg>
<doc>Types the given ``text`` into the text field identified by ``locator``.</doc>
<msg timestamp="20240108 19:33:38.440" level="INFO">Typing text 'Rodrigo' into text field '//input[contains(@id,'userName')]'.</msg>
<status status="PASS" starttime="20240108 19:33:38.439" endtime="20240108 19:33:39.842"/>
</kw>
<kw name="Capture Element Screenshot" library="SeleniumLibrary">
<arg>${sel}</arg>
<arg>${ruta_fotos_pagina}.png</arg>
<doc>Captures a screenshot from the element identified by ``locator`` and embeds it into log file.</doc>
<msg timestamp="20240108 19:33:40.740" level="INFO" html="true">&lt;/td&gt;&lt;/tr&gt;&lt;tr&gt;&lt;td colspan="3"&gt;&lt;a href="../../../../Reportes2/IMG/.png"&gt;&lt;img src="../../../../Reportes2/IMG/.png" width="400px"&gt;&lt;/a&gt;</msg>
<status status="PASS" starttime="20240108 19:33:39.842" endtime="20240108 19:33:40.740"/>
</kw>
<status status="PASS" starttime="20240108 19:33:34.261" endtime="20240108 19:33:40.740"/>
</kw>
<status status="PASS" starttime="20240108 19:33:09.220" endtime="20240108 19:33:40.740"/>
</kw>
<kw name="Salir">
<kw name="Sleep" library="BuiltIn">
<arg>2</arg>
<doc>Pauses the test executed for the given time.</doc>
<msg timestamp="20240108 19:33:42.742" level="INFO">Slept 2 seconds</msg>
<status status="PASS" starttime="20240108 19:33:40.741" endtime="20240108 19:33:42.742"/>
</kw>
<kw name="Close Browser" library="SeleniumLibrary">
<doc>Closes the current browser.</doc>
<status status="PASS" starttime="20240108 19:33:42.742" endtime="20240108 19:33:45.283"/>
</kw>
<status status="PASS" starttime="20240108 19:33:40.740" endtime="20240108 19:33:45.283"/>
</kw>
<status status="PASS" starttime="20240108 19:33:09.218" endtime="20240108 19:33:45.284"/>
</test>
<doc>Setup and Teardown</doc>
<status status="PASS" starttime="20240108 19:33:08.775" endtime="20240108 19:33:45.285"/>
</suite>
<status status="PASS" starttime="20240108 19:33:08.733" endtime="20240108 19:33:45.287"/>
</suite>
<statistics>
<total>
<stat pass="1" fail="0" skip="0">All Tests</stat>
</total>
<tag>
</tag>
<suite>
<stat pass="1" fail="0" skip="0" id="s1" name="Suites">Suites</stat>
<stat pass="1" fail="0" skip="0" id="s1-s1" name="Prueba1">Suites.Prueba1</stat>
</suite>
</statistics>
<errors>
<msg timestamp="20240108 19:33:11.668" level="WARN">The chromedriver version (119.0.6045.105) detected in PATH at C:\Users\Melany\AppData\Local\Programs\Python\Python311\Scripts\chromedriver.exe might not be compatible with the detected chrome version (120.0.6099.199); currently, chromedriver 120.0.6099.109 is recommended for chrome 120.*, so it is advised to delete the driver in PATH and retry</msg>
</errors>
</robot>
