<?xml version="1.0" encoding="UTF-8"?>
<robot generator="Robot 6.1.1 (Python 3.11.2 on win32)" generated="20240115 00:29:15.366" rpa="false" schemaversion="4">
<suite id="s1" name="String" source="C:\Users\Melany\Documents\Robot-Framework\Test_Cases_Nivel5\String.robot">
<test id="s1-t1" name="Substarer" line="38">
<kw name="Get Value From User" library="Dialogs">
<var>${nom}</var>
<arg>Dame tu nombre</arg>
<doc>Pauses execution and asks user to input a value.</doc>
<msg timestamp="20240115 00:29:21.785" level="INFO">${nom} = melany</msg>
<status status="PASS" starttime="20240115 00:29:15.855" endtime="20240115 00:29:21.785"/>
</kw>
<kw name="Get Substring" library="String">
<var>${val}</var>
<arg>${nom}</arg>
<arg>0</arg>
<arg>2</arg>
<doc>Returns a substring from ``start`` index to ``end`` index.</doc>
<msg timestamp="20240115 00:29:21.807" level="INFO">${val} = me</msg>
<status status="PASS" starttime="20240115 00:29:21.805" endtime="20240115 00:29:21.807"/>
</kw>
<kw name="Log To Console" library="BuiltIn">
<arg>${nom}</arg>
<doc>Logs the given message to the console.</doc>
<status status="PASS" starttime="20240115 00:29:21.808" endtime="20240115 00:29:21.810"/>
</kw>
<kw name="Log To Console" library="BuiltIn">
<arg>${val}</arg>
<doc>Logs the given message to the console.</doc>
<status status="PASS" starttime="20240115 00:29:21.811" endtime="20240115 00:29:21.812"/>
</kw>
<doc>Substraer texto</doc>
<tag>test_sub</tag>
<status status="PASS" starttime="20240115 00:29:15.854" endtime="20240115 00:29:21.818"/>
</test>
<doc>Opearting System</doc>
<status status="PASS" starttime="20240115 00:29:15.372" endtime="20240115 00:29:21.827"/>
</suite>
<statistics>
<total>
<stat pass="1" fail="0" skip="0">All Tests</stat>
</total>
<tag>
<stat pass="1" fail="0" skip="0">test_sub</stat>
</tag>
<suite>
<stat pass="1" fail="0" skip="0" id="s1" name="String">String</stat>
</suite>
</statistics>
<errors>
</errors>
</robot>
